<?xml version="1.0" encoding="UTF-8"?>
<!-- Generated by org.testng.reporters.JUnitXMLReporter -->
<testsuite hostname="DESKTOP-46AVGED" ignored="6" name="Default test" tests="2" failures="0" timestamp="2020-12-18T17:24:16 IST" time="147.156" errors="0">
  <testcase name="SonnectPhoneNumberScreenTest" time="57.416" classname="sonect.sonect.OnBoardingEUTest"/>
  <testcase name="SonnectTanActivationScreenTest" time="56.634" classname="sonect.sonect.OnBoardingEUTest"/>
  <testcase name="NotificationScreenTest" time="0.0" classname="sonect.sonect.OnBoardingEUTest">
    <ignored/>
  </testcase> <!-- NotificationScreenTest -->
  <testcase name="SonnectPersonalInfoScreenTest" time="0.0" classname="sonect.sonect.OnBoardingEUTest">
    <ignored/>
  </testcase> <!-- SonnectPersonalInfoScreenTest -->
  <testcase name="SonnectHomePageTest" time="0.0" classname="sonect.sonect.OnBoardingEUTest">
    <ignored/>
  </testcase> <!-- SonnectHomePageTest -->
  <testcase name="PasscodeScreenTest" time="0.0" classname="sonect.sonect.OnBoardingEUTest">
    <ignored/>
  </testcase> <!-- PasscodeScreenTest -->
  <testcase name="AddressScreenTest" time="0.0" classname="sonect.sonect.OnBoardingEUTest">
    <ignored/>
  </testcase> <!-- AddressScreenTest -->
  <testcase name="SonnectCountryPickerScreenTest" time="0.0" classname="sonect.sonect.OnBoardingEUTest">
    <ignored/>
  </testcase> <!-- SonnectCountryPickerScreenTest -->
</testsuite> <!-- Default test -->
