<?xml version="1.0" encoding="UTF-8"?>
<testng-results skipped="0" failed="0" ignored="6" total="8" passed="2">
  <reporter-output>
  </reporter-output>
  <suite name="Default suite" duration-ms="147156" started-at="2020-12-18T17:21:49 IST" finished-at="2020-12-18T17:24:16 IST">
    <groups>
    </groups>
    <test name="Default test" duration-ms="147156" started-at="2020-12-18T17:21:49 IST" finished-at="2020-12-18T17:24:16 IST">
      <class name="sonect.sonect.OnBoardingEUTest">
        <test-method status="PASS" signature="setUp()[pri:0, instance:sonect.sonect.OnBoardingEUTest@c81cdd1]" name="setUp" is-config="true" duration-ms="17417" started-at="2020-12-18T17:21:49 IST" finished-at="2020-12-18T17:22:06 IST">
          <reporter-output>
          </reporter-output>
        </test-method> <!-- setUp -->
        <test-method status="PASS" signature="SonnectPhoneNumberScreenTest()[pri:3, instance:sonect.sonect.OnBoardingEUTest@c81cdd1]" name="SonnectPhoneNumberScreenTest" duration-ms="57416" started-at="2020-12-18T17:22:06 IST" finished-at="2020-12-18T17:23:03 IST">
          <reporter-output>
          </reporter-output>
        </test-method> <!-- SonnectPhoneNumberScreenTest -->
        <test-method status="PASS" signature="tearDown()[pri:0, instance:sonect.sonect.OnBoardingEUTest@c81cdd1]" name="tearDown" is-config="true" duration-ms="625" started-at="2020-12-18T17:23:03 IST" finished-at="2020-12-18T17:23:04 IST">
          <reporter-output>
          </reporter-output>
        </test-method> <!-- tearDown -->
        <test-method status="PASS" signature="setUp()[pri:0, instance:sonect.sonect.OnBoardingEUTest@c81cdd1]" name="setUp" is-config="true" duration-ms="14314" started-at="2020-12-18T17:23:04 IST" finished-at="2020-12-18T17:23:18 IST">
          <reporter-output>
          </reporter-output>
        </test-method> <!-- setUp -->
        <test-method status="PASS" signature="SonnectTanActivationScreenTest()[pri:4, instance:sonect.sonect.OnBoardingEUTest@c81cdd1]" name="SonnectTanActivationScreenTest" duration-ms="56634" started-at="2020-12-18T17:23:18 IST" finished-at="2020-12-18T17:24:15 IST">
          <reporter-output>
          </reporter-output>
        </test-method> <!-- SonnectTanActivationScreenTest -->
        <test-method status="PASS" signature="tearDown()[pri:0, instance:sonect.sonect.OnBoardingEUTest@c81cdd1]" name="tearDown" is-config="true" duration-ms="719" started-at="2020-12-18T17:24:15 IST" finished-at="2020-12-18T17:24:16 IST">
          <reporter-output>
          </reporter-output>
        </test-method> <!-- tearDown -->
      </class> <!-- sonect.sonect.OnBoardingEUTest -->
    </test> <!-- Default test -->
  </suite> <!-- Default suite -->
</testng-results>
